#
# There is insufficient memory for the Java Runtime Environment to continue.
# Native memory allocation (mmap) failed to map 268435456 bytes for G1 virtual space
# Possible reasons:
#   The system is out of physical RAM or swap space
#   The process is running with CompressedOops enabled, and the Java Heap may be blocking the growth of the native heap
# Possible solutions:
#   Reduce memory load on the system
#   Increase physical memory or swap space
#   Check if swap backing store is full
#   Decrease Java heap size (-Xmx/-Xms)
#   Decrease number of Java threads
#   Decrease Java thread stack sizes (-Xss)
#   Set larger code cache with -XX:ReservedCodeCacheSize=
#   JVM is running with Zero Based Compressed Oops mode in which the Java heap is
#     placed in the first 32GB address space. The Java Heap base address is the
#     maximum limit for the native heap growth. Please use -XX:HeapBaseMinAddress
#     to set the Java Heap base and to place the Java Heap above 32GB virtual address.
# This output file may be truncated or incomplete.
#
#  Out of Memory Error (os_windows.cpp:3753), pid=16084, tid=41212
#
# JRE version:  (17.0.4.1+7) (build )
# Java VM: OpenJDK 64-Bit Server VM (17.0.4.1+7-b469.62, mixed mode, sharing, tiered, compressed oops, compressed class ptrs, g1 gc, windows-amd64)
# No core dump will be written. Minidumps are not enabled by default on client versions of Windows
#

---------------  S U M M A R Y ------------

Command Line: git4idea.http.GitAskPassApp Username for 'https://github.com': 

Host: Intel(R) Core(TM) i5-9400F CPU @ 2.90GHz, 6 cores, 15G,  Windows 10 , 64 bit Build 19041 (10.0.19041.928)
Time: Tue May 30 04:14:34 2023  Windows 10 , 64 bit Build 19041 (10.0.19041.928) elapsed time: 0.018545 seconds (0d 0h 0m 0s)

---------------  T H R E A D  ---------------

Current thread (0x000001fabbbfd520):  JavaThread "Unknown thread" [_thread_in_vm, id=41212, stack(0x0000005d73300000,0x0000005d73400000)]

Stack: [0x0000005d73300000,0x0000005d73400000]
Native frames: (J=compiled Java code, j=interpreted, Vv=VM code, C=native code)
V  [jvm.dll+0x68356a]
V  [jvm.dll+0x83fab4]
V  [jvm.dll+0x84125e]
V  [jvm.dll+0x8418c3]
V  [jvm.dll+0x249735]
V  [jvm.dll+0x680439]
V  [jvm.dll+0x674a7a]
V  [jvm.dll+0x30956b]
V  [jvm.dll+0x310a26]
V  [jvm.dll+0x36089e]
V  [jvm.dll+0x360acf]
V  [jvm.dll+0x2df658]
V  [jvm.dll+0x2e05c4]
V  [jvm.dll+0x8112a1]
V  [jvm.dll+0x36e6f1]
V  [jvm.dll+0x7f076c]
V  [jvm.dll+0x3f180f]
V  [jvm.dll+0x3f3351]
C  [jli.dll+0x526b]
C  [ucrtbase.dll+0x21bb2]
C  [KERNEL32.DLL+0x17034]
C  [ntdll.dll+0x52651]


---------------  P R O C E S S  ---------------

Threads class SMR info:
_java_thread_list=0x00007ffdac947f58, length=0, elements={
}

Java Threads: ( => current thread )

Other Threads:
  0x000001fabbc6b4f0 GCTaskThread "GC Thread#0" [stack: 0x0000005d73400000,0x0000005d73500000] [id=10016]
  0x000001fabbc7c340 ConcurrentGCThread "G1 Main Marker" [stack: 0x0000005d73500000,0x0000005d73600000] [id=22668]
  0x000001fabbc7cd50 ConcurrentGCThread "G1 Conc#0" [stack: 0x0000005d73600000,0x0000005d73700000] [id=12836]

[error occurred during error reporting (printing all threads), id 0xc0000005, EXCEPTION_ACCESS_VIOLATION (0xc0000005) at pc=0x00007ffdac100217]

VM state: not at safepoint (not fully initialized)

VM Mutex/Monitor currently owned by a thread:  ([mutex/lock_event])
[0x000001fabbbf9d00] Heap_lock - owner thread: 0x000001fabbbfd520

Heap address: 0x0000000700e00000, size: 4082 MB, Compressed Oops mode: Zero based, Oop shift amount: 3

CDS archive(s) mapped at: [0x0000000000000000-0x0000000000000000-0x0000000000000000), size 0, SharedBaseAddress: 0x0000000800000000, ArchiveRelocationMode: 0.
Narrow klass base: 0x0000000000000000, Narrow klass shift: 0, Narrow klass range: 0x0

GC Precious Log:
<Empty>

Heap:
 garbage-first heap   total 0K, used 0K [0x0000000700e00000, 0x0000000800000000)
  region size 2048K, 0 young (0K), 0 survivors (0K)

[error occurred during error reporting (printing heap information), id 0xc0000005, EXCEPTION_ACCESS_VIOLATION (0xc0000005) at pc=0x00007ffdac4ed1f9]

GC Heap History (0 events):
No events

Deoptimization events (0 events):
No events

Classes unloaded (0 events):
No events

Classes redefined (0 events):
No events

Internal exceptions (0 events):
No events

VM Operations (0 events):
No events

Events (1 events):
Event: 0.012 Loaded shared library C:\Program Files\JetBrains\IntelliJ IDEA 2022.2.3\jbr\bin\java.dll


Dynamic libraries:
0x00007ff762090000 - 0x00007ff76209a000 	C:\Program Files\JetBrains\IntelliJ IDEA 2022.2.3\jbr\bin\java.exe
0x00007ffe04bf0000 - 0x00007ffe04de5000 	C:\Windows\SYSTEM32\ntdll.dll
0x00007ffe03f60000 - 0x00007ffe0401d000 	C:\Windows\System32\KERNEL32.DLL
0x00007ffe02900000 - 0x00007ffe02bc8000 	C:\Windows\System32\KERNELBASE.dll
0x00007ffe02330000 - 0x00007ffe02430000 	C:\Windows\System32\ucrtbase.dll
0x00007ffddac40000 - 0x00007ffddac57000 	C:\Program Files\JetBrains\IntelliJ IDEA 2022.2.3\jbr\bin\jli.dll
0x00007ffe03260000 - 0x00007ffe03400000 	C:\Windows\System32\USER32.dll
0x00007ffe02430000 - 0x00007ffe02452000 	C:\Windows\System32\win32u.dll
0x00007ffe02cb0000 - 0x00007ffe02cda000 	C:\Windows\System32\GDI32.dll
0x00007ffe02460000 - 0x00007ffe0256b000 	C:\Windows\System32\gdi32full.dll
0x00007ffe02830000 - 0x00007ffe028cd000 	C:\Windows\System32\msvcp_win.dll
0x00007ffddac00000 - 0x00007ffddac1b000 	C:\Program Files\JetBrains\IntelliJ IDEA 2022.2.3\jbr\bin\VCRUNTIME140.dll
0x00007ffdec290000 - 0x00007ffdec52a000 	C:\Windows\WinSxS\amd64_microsoft.windows.common-controls_6595b64144ccf1df_6.0.19041.844_none_ca00b6081b84eb1d\COMCTL32.dll
0x00007ffe02d90000 - 0x00007ffe02e2e000 	C:\Windows\System32\msvcrt.dll
0x00007ffe04370000 - 0x00007ffe043a0000 	C:\Windows\System32\IMM32.DLL
0x00007ffdead00000 - 0x00007ffdead0c000 	C:\Program Files\JetBrains\IntelliJ IDEA 2022.2.3\jbr\bin\vcruntime140_1.dll
0x00007ffdd76a0000 - 0x00007ffdd772d000 	C:\Program Files\JetBrains\IntelliJ IDEA 2022.2.3\jbr\bin\msvcp140.dll
0x00007ffdabe10000 - 0x00007ffdaca79000 	C:\Program Files\JetBrains\IntelliJ IDEA 2022.2.3\jbr\bin\server\jvm.dll
0x00007ffe04b00000 - 0x00007ffe04bac000 	C:\Windows\System32\ADVAPI32.dll
0x00007ffe03920000 - 0x00007ffe039bb000 	C:\Windows\System32\sechost.dll
0x00007ffe039c0000 - 0x00007ffe03aeb000 	C:\Windows\System32\RPCRT4.dll
0x00007ffe04360000 - 0x00007ffe04368000 	C:\Windows\System32\PSAPI.DLL
0x00007ffdfeff0000 - 0x00007ffdfeff9000 	C:\Windows\SYSTEM32\WSOCK32.dll
0x00007ffe041c0000 - 0x00007ffe0422b000 	C:\Windows\System32\WS2_32.dll
0x00007ffdf4b30000 - 0x00007ffdf4b57000 	C:\Windows\SYSTEM32\WINMM.dll
0x00007ffdfc270000 - 0x00007ffdfc27a000 	C:\Windows\SYSTEM32\VERSION.dll
0x00007ffe002a0000 - 0x00007ffe002b2000 	C:\Windows\SYSTEM32\kernel.appcore.dll
0x00007ffdfeec0000 - 0x00007ffdfeeca000 	C:\Program Files\JetBrains\IntelliJ IDEA 2022.2.3\jbr\bin\jimage.dll
0x00007ffdf4860000 - 0x00007ffdf4a44000 	C:\Windows\SYSTEM32\DBGHELP.DLL
0x00007ffdf47e0000 - 0x00007ffdf480c000 	C:\Windows\SYSTEM32\dbgcore.DLL
0x00007ffe02bd0000 - 0x00007ffe02c50000 	C:\Windows\System32\bcryptPrimitives.dll
0x00007ffde9fd0000 - 0x00007ffde9ff5000 	C:\Program Files\JetBrains\IntelliJ IDEA 2022.2.3\jbr\bin\java.dll

dbghelp: loaded successfully - version: 4.0.5 - missing functions: none
symbol engine: initialized successfully - sym options: 0x614 - pdb path: .;C:\Program Files\JetBrains\IntelliJ IDEA 2022.2.3\jbr\bin;C:\Windows\SYSTEM32;C:\Windows\WinSxS\amd64_microsoft.windows.common-controls_6595b64144ccf1df_6.0.19041.844_none_ca00b6081b84eb1d;C:\Program Files\JetBrains\IntelliJ IDEA 2022.2.3\jbr\bin\server

VM Arguments:
java_command: git4idea.http.GitAskPassApp Username for 'https://github.com': 
java_class_path (initial): C:/Program Files/JetBrains/IntelliJ IDEA 2022.2.3/plugins/git4idea/lib/git4idea-rt.jar;C:/Program Files/JetBrains/IntelliJ IDEA 2022.2.3/lib/externalProcess-rt.jar;C:/Program Files/JetBrains/IntelliJ IDEA 2022.2.3/lib/app.jar;C:/Program Files/JetBrains/IntelliJ IDEA 2022.2.3/lib/3rd-party-rt.jar
Launcher Type: SUN_STANDARD

[Global flags]
     intx CICompilerCount                          = 3                                         {product} {ergonomic}
     uint ConcGCThreads                            = 2                                         {product} {ergonomic}
     uint G1ConcRefinementThreads                  = 6                                         {product} {ergonomic}
   size_t G1HeapRegionSize                         = 2097152                                   {product} {ergonomic}
    uintx GCDrainStackTargetSize                   = 64                                        {product} {ergonomic}
   size_t InitialHeapSize                          = 268435456                                 {product} {ergonomic}
   size_t MarkStackSize                            = 4194304                                   {product} {ergonomic}
   size_t MaxHeapSize                              = 4280287232                                {product} {ergonomic}
   size_t MinHeapDeltaBytes                        = 2097152                                   {product} {ergonomic}
   size_t MinHeapSize                              = 8388608                                   {product} {ergonomic}
    uintx NonNMethodCodeHeapSize                   = 5832780                                {pd product} {ergonomic}
    uintx NonProfiledCodeHeapSize                  = 122912730                              {pd product} {ergonomic}
    uintx ProfiledCodeHeapSize                     = 122912730                              {pd product} {ergonomic}
    uintx ReservedCodeCacheSize                    = 251658240                              {pd product} {ergonomic}
     bool SegmentedCodeCache                       = true                                      {product} {ergonomic}
   size_t SoftMaxHeapSize                          = 4280287232                             {manageable} {ergonomic}
     bool UseCompressedClassPointers               = true                           {product lp64_product} {ergonomic}
     bool UseCompressedOops                        = true                           {product lp64_product} {ergonomic}
     bool UseG1GC                                  = true                                      {product} {ergonomic}
     bool UseLargePagesIndividualAllocation        = false                                  {pd product} {ergonomic}

Logging:
Log output configuration:
 #0: stdout all=warning uptime,level,tags
 #1: stderr all=off uptime,level,tags

Environment Variables:
JAVA_HOME=C:\Program Files\Java\jdk-11.0.17
CLASSPATH=%classpath%;.
PATH=C:/Program Files/Git/mingw64/libexec/git-core;C:/Program Files/Git/mingw64/libexec/git-core;C:\Program Files\Git\mingw64\bin;C:\Program Files\Git\usr\bin;C:\Users\22.8.31\bin;C:\Program Files (x86)\Common Files\Oracle\Java\javapath;C:\Program Files\MariaDB 10.1\bin;C:\Program Files\Java\jdk-11.0.17\bin;D:\Program Files\;C:\Program Files\nodejs\;C:\Users\22.8.31\AppData\Local\Programs\Python\Python310\Scripts\;C:\Users\22.8.31\AppData\Local\Programs\Python\Python310\;C:\Users\22.8.31\AppData\Local\Microsoft\WindowsApps;C:\Users\22.8.31\AppData\Local\Programs\Microsoft VS Code\bin;C:\Users\22.8.31\AppData\Local\afreeca;C:\Users\22.8.31\AppData\Local\gitkraken\bin;C:\Users\22.8.31\AppData\Roaming\npm
USERNAME=22.8.31
DISPLAY=:0.0
LC_ALL=en_US.UTF-8
TERM=xterm-256color
TMPDIR=C:\Users\228~1.31\AppData\Local\Temp
OS=Windows_NT
PROCESSOR_IDENTIFIER=Intel64 Family 6 Model 158 Stepping 10, GenuineIntel
TMP=C:\Users\228~1.31\AppData\Local\Temp
TEMP=C:\Users\228~1.31\AppData\Local\Temp



---------------  S Y S T E M  ---------------

OS:
 Windows 10 , 64 bit Build 19041 (10.0.19041.928)
OS uptime: 8 days 11:50 hours

CPU: total 6 (initial active 6) (6 cores per cpu, 1 threads per core) family 6 model 158 stepping 10 microcode 0xb4, cx8, cmov, fxsr, mmx, 3dnowpref, sse, sse2, sse3, ssse3, sse4.1, sse4.2, popcnt, lzcnt, tsc, tscinvbit, avx, avx2, aes, erms, clmul, bmi1, bmi2, adx, fma, vzeroupper, clflush, clflushopt

Memory: 4k page, system-wide physical 16326M (3898M free)
TotalPageFile size 44858M (AvailPageFile size 179M)
current process WorkingSet (physical memory assigned to process): 10M, peak: 10M
current process commit charge ("private bytes"): 56M, peak: 312M

vm_info: OpenJDK 64-Bit Server VM (17.0.4.1+7-b469.62) for windows-amd64 JRE (17.0.4.1+7-b469.62), built on 2022-09-22 by "builduser" with MS VC++ 16.10 / 16.11 (VS2019)

END.
